Using pre-set license
Built from '2020.2/release' branch; Version is '2020.2.2f1 (068178b99f32) revision 426360'; Using compiler version '192528614'; Build Type 'Release'
OS: 'Windows 10 Pro; OS build 19043.1055; Version 2009; 64bit' Language: 'en' Physical Memory: 16328 MB
BatchMode: 1, IsHumanControllingUs: 0, StartBugReporterOnCrash: 0, Is64bit: 1, IsPro: 0

 COMMAND LINE ARGUMENTS:
C:\Program Files\Unity\Hub\Editor\2020.2.2f1\Editor\Unity.exe
-adb2
-batchMode
-noUpm
-name
AssetImportWorker0
-projectPath
C:/Users/zmmor/Github Repos/Sad Clown Studio
-logFile
Logs/AssetImportWorker0.log
-srvPort
54439
Successfully changed project path to: C:/Users/zmmor/Github Repos/Sad Clown Studio
C:/Users/zmmor/Github Repos/Sad Clown Studio
Using Asset Import Pipeline V2.
Unable to join player connection multicast group.

Refreshing native plugins compatible for Editor in 58.46 ms, found 1 plugins.
Preloading 0 native plugins for Editor in 0.00 ms.
Initialize engine version: 2020.2.2f1 (068178b99f32)
[Subsystems] Discovering subsystems at path C:/Program Files/Unity/Hub/Editor/2020.2.2f1/Editor/Data/Resources/UnitySubsystems
[Subsystems] Discovering subsystems at path C:/Users/zmmor/Github Repos/Sad Clown Studio/Assets
GfxDevice: creating device client; threaded=0
Direct3D:
    Version:  Direct3D 11.0 [level 11.1]
    Renderer: AMD Radeon RX 5700 (ID=0x731f)
    Vendor:   
    VRAM:     8152 MB
    Driver:   27.20.12027.1001
Initialize mono
Mono path[0] = 'C:/Program Files/Unity/Hub/Editor/2020.2.2f1/Editor/Data/Managed'
Mono path[1] = 'C:/Program Files/Unity/Hub/Editor/2020.2.2f1/Editor/Data/MonoBleedingEdge/lib/mono/unityjit'
Mono config path = 'C:/Program Files/Unity/Hub/Editor/2020.2.2f1/Editor/Data/MonoBleedingEdge/etc'
Using monoOptions --debugger-agent=transport=dt_socket,embedding=1,server=y,suspend=n,address=127.0.0.1:56056
Begin MonoManager ReloadAssembly
Registering precompiled unity dll's ...
Register platform support module: C:/Program Files/Unity/Hub/Editor/2020.2.2f1/Editor/Data/PlaybackEngines/WebGLSupport/UnityEditor.WebGL.Extensions.dll
Register platform support module: C:/Program Files/Unity/Hub/Editor/2020.2.2f1/Editor/Data/PlaybackEngines/WindowsStandaloneSupport/UnityEditor.WindowsStandalone.Extensions.dll
Registered in 0.002704 seconds.
Native extension for WindowsStandalone target not found
Native extension for WebGL target not found
Refreshing native plugins compatible for Editor in 57.12 ms, found 1 plugins.
Preloading 0 native plugins for Editor in 0.00 ms.
Invoked RoslynAnalysisRunner static constructor.
RoslynAnalysisRunner will not be running.
RoslynAnalysisRunner has terminated.
Mono: successfully reloaded assembly
- Completed reload, in  1.165 seconds
Platform modules already initialized, skipping
Registering precompiled user dll's ...
Registered in 0.001916 seconds.
Begin MonoManager ReloadAssembly
Native extension for WindowsStandalone target not found
Native extension for WebGL target not found
Refreshing native plugins compatible for Editor in 56.10 ms, found 1 plugins.
Preloading 0 native plugins for Editor in 0.00 ms.
Invoked RoslynAnalysisRunner static constructor.
RoslynAnalysisRunner will not be running.
RoslynAnalysisRunner has terminated.
Mono: successfully reloaded assembly
- Completed reload, in  1.136 seconds
Platform modules already initialized, skipping
========================================================================
Worker process is ready to serve import requests
Shader 'Universal Render Pipeline/Particles/Lit': fallback shader 'Universal Render Pipeline/Particles/SimpleLit' not found
Shader 'Universal Render Pipeline/Particles/Lit': fallback shader 'Universal Render Pipeline/Particles/SimpleLit' not found
Launched and connected shader compiler UnityShaderCompiler.exe after 0.05 seconds
Refreshing native plugins compatible for Editor in 0.54 ms, found 1 plugins.
Preloading 0 native plugins for Editor in 0.00 ms.
Unloading 3439 Unused Serialized files (Serialized files now loaded: 0)
System memory in use before: 169.9 MB.
System memory in use after: 167.9 MB.

Unloading 175 unused Assets to reduce memory usage. Loaded Objects now: 3863.
Total: 4.220100 ms (FindLiveObjects: 0.317300 ms CreateObjectMapping: 0.210800 ms MarkObjects: 2.541900 ms  DeleteObjects: 1.148400 ms)

========================================================================
Received Import Request.
  path: Assets/TextMesh Pro/Documentation
  artifactKey: Guid(8e7e8f5a82a3a134e91c54efd2274ea9) Importer(815301076,1909f56bfc062723c751e8b465ee728b)
Start importing Assets/TextMesh Pro/Documentation using Guid(8e7e8f5a82a3a134e91c54efd2274ea9) Importer(815301076,1909f56bfc062723c751e8b465ee728b)  -> (artifact id: 'ba39c7850b1744b297c5cff2ddb441ea') in 0.006276 seconds
  Import took 0.012950 seconds .

========================================================================
Received Import Request.
  Time since last request: 2389.238898 seconds.
  path: Assets/Samples/Cinemachine/2.6.5/Cinemachine Example Scenes
  artifactKey: Guid(5f0450d8d46c4f84d98cb6e98157fb5b) Importer(815301076,1909f56bfc062723c751e8b465ee728b)
Start importing Assets/Samples/Cinemachine/2.6.5/Cinemachine Example Scenes using Guid(5f0450d8d46c4f84d98cb6e98157fb5b) Importer(815301076,1909f56bfc062723c751e8b465ee728b)  -> (artifact id: 'd517b9bd1371470db3473bdde84c54f2') in 0.004926 seconds
  Import took 0.010915 seconds .

========================================================================
Received Import Request.
  Time since last request: 91.312035 seconds.
  path: Assets/Samples/Cinemachine/2.6.5/Cinemachine Example Scenes/Scenes
  artifactKey: Guid(2fc3b640bf45545a3a0f72732b6c6f45) Importer(815301076,1909f56bfc062723c751e8b465ee728b)
Start importing Assets/Samples/Cinemachine/2.6.5/Cinemachine Example Scenes/Scenes using Guid(2fc3b640bf45545a3a0f72732b6c6f45) Importer(815301076,1909f56bfc062723c751e8b465ee728b)  -> (artifact id: 'dbdcb159726fc696d447c786973e2d9c') in 0.003132 seconds
  Import took 0.009106 seconds .

========================================================================
Received Import Request.
  Time since last request: 7.861596 seconds.
  path: Assets/Samples/Cinemachine/2.6.5/Cinemachine Example Scenes/Scenes/DualTarget/DualTarget.unity
  artifactKey: Guid(ca6e8a848c4e5af40b4250eda1d5b31f) Importer(815301076,1909f56bfc062723c751e8b465ee728b)
Start importing Assets/Samples/Cinemachine/2.6.5/Cinemachine Example Scenes/Scenes/DualTarget/DualTarget.unity using Guid(ca6e8a848c4e5af40b4250eda1d5b31f) Importer(815301076,1909f56bfc062723c751e8b465ee728b)  -> (artifact id: 'cd15b7f1e48dd6285ad820e9269331c8') in 0.006280 seconds
  Import took 0.012560 seconds .

========================================================================
Received Import Request.
  Time since last request: 384.813934 seconds.
  path: Assets/Samples/Cinemachine/2.6.5/Cinemachine Example Scenes/Scenes/3rdPersonWithAimMode/3rdPersonWithAimMode.unity
  artifactKey: Guid(a04cf6ca22a95684e9283ab039f68c66) Importer(815301076,1909f56bfc062723c751e8b465ee728b)
Start importing Assets/Samples/Cinemachine/2.6.5/Cinemachine Example Scenes/Scenes/3rdPersonWithAimMode/3rdPersonWithAimMode.unity using Guid(a04cf6ca22a95684e9283ab039f68c66) Importer(815301076,1909f56bfc062723c751e8b465ee728b)  -> (artifact id: '50bfceb15bf52d70ac35cebe9b5f2880') in 0.004411 seconds
  Import took 0.011578 seconds .

========================================================================
Received Import Request.
  Time since last request: 16.567327 seconds.
  path: Assets/Samples/Cinemachine/2.6.5/Cinemachine Example Scenes/Scenes/3rdPersonWithAimMode
  artifactKey: Guid(715218984bf02d1409296e9748fb61b0) Importer(815301076,1909f56bfc062723c751e8b465ee728b)
Start importing Assets/Samples/Cinemachine/2.6.5/Cinemachine Example Scenes/Scenes/3rdPersonWithAimMode using Guid(715218984bf02d1409296e9748fb61b0) Importer(815301076,1909f56bfc062723c751e8b465ee728b)  -> (artifact id: '8153d10802e2183a80f277ab36a71603') in 0.003844 seconds
  Import took 0.010148 seconds .

========================================================================
Received Prepare
Registering precompiled user dll's ...
Registered in 0.002768 seconds.
Begin MonoManager ReloadAssembly
Native extension for WindowsStandalone target not found
Native extension for WebGL target not found
Refreshing native plugins compatible for Editor in 0.64 ms, found 1 plugins.
Preloading 0 native plugins for Editor in 0.00 ms.
Warning: Annotation not found!
UnityEngine.StackTraceUtility:ExtractStackTrace ()
UnityEditor.ProBuilder.EditorUtility:SetGizmoIconEnabled (System.Type,bool) (at Library/PackageCache/com.unity.probuilder@4.4.0/Editor/EditorCore/EditorUtility.cs:593)
UnityEditor.ProBuilder.HierarchyListener:.cctor () (at Library/PackageCache/com.unity.probuilder@4.4.0/Editor/EditorCore/HierarchyListener.cs:21)
System.Runtime.CompilerServices.RuntimeHelpers:RunClassConstructor (System.RuntimeTypeHandle)
UnityEditor.EditorAssemblies:ProcessInitializeOnLoadAttributes (System.Type[])

[Library/PackageCache/com.unity.probuilder@4.4.0/Editor/EditorCore/EditorUtility.cs line 593]

Invoked RoslynAnalysisRunner static constructor.
RoslynAnalysisRunner will not be running.
RoslynAnalysisRunner has terminated.
Mono: successfully reloaded assembly
- Completed reload, in  0.988 seconds
Platform modules already initialized, skipping
Shader 'Universal Render Pipeline/Particles/Lit': fallback shader 'Universal Render Pipeline/Particles/SimpleLit' not found
Shader 'Universal Render Pipeline/Particles/Lit': fallback shader 'Universal Render Pipeline/Particles/SimpleLit' not found
Refreshing native plugins compatible for Editor in 0.54 ms, found 1 plugins.
Preloading 0 native plugins for Editor in 0.00 ms.
Unloading 3305 Unused Serialized files (Serialized files now loaded: 0)
System memory in use before: 162.2 MB.
System memory in use after: 160.3 MB.

Unloading 43 unused Assets to reduce memory usage. Loaded Objects now: 3888.
Total: 3.627000 ms (FindLiveObjects: 0.294700 ms CreateObjectMapping: 0.176200 ms MarkObjects: 2.079900 ms  DeleteObjects: 1.075200 ms)

========================================================================
Received Prepare
Registering precompiled user dll's ...
Registered in 0.002044 seconds.
Begin MonoManager ReloadAssembly
Native extension for WindowsStandalone target not found
Native extension for WebGL target not found
Refreshing native plugins compatible for Editor in 0.56 ms, found 1 plugins.
Preloading 0 native plugins for Editor in 0.00 ms.
Warning: Annotation not found!
UnityEngine.StackTraceUtility:ExtractStackTrace ()
UnityEditor.ProBuilder.EditorUtility:SetGizmoIconEnabled (System.Type,bool) (at Library/PackageCache/com.unity.probuilder@4.4.0/Editor/EditorCore/EditorUtility.cs:593)
UnityEditor.ProBuilder.HierarchyListener:.cctor () (at Library/PackageCache/com.unity.probuilder@4.4.0/Editor/EditorCore/HierarchyListener.cs:21)
System.Runtime.CompilerServices.RuntimeHelpers:RunClassConstructor (System.RuntimeTypeHandle)
UnityEditor.EditorAssemblies:ProcessInitializeOnLoadAttributes (System.Type[])

[Library/PackageCache/com.unity.probuilder@4.4.0/Editor/EditorCore/EditorUtility.cs line 593]

Invoked RoslynAnalysisRunner static constructor.
RoslynAnalysisRunner will not be running.
RoslynAnalysisRunner has terminated.
Mono: successfully reloaded assembly
- Completed reload, in  0.947 seconds
Platform modules already initialized, skipping
Shader 'Universal Render Pipeline/Particles/Lit': fallback shader 'Universal Render Pipeline/Particles/SimpleLit' not found
Shader 'Universal Render Pipeline/Particles/Lit': fallback shader 'Universal Render Pipeline/Particles/SimpleLit' not found
Refreshing native plugins compatible for Editor in 0.54 ms, found 1 plugins.
Preloading 0 native plugins for Editor in 0.00 ms.
Unloading 3305 Unused Serialized files (Serialized files now loaded: 0)
System memory in use before: 162.2 MB.
System memory in use after: 160.4 MB.

Unloading 43 unused Assets to reduce memory usage. Loaded Objects now: 3891.
Total: 3.903000 ms (FindLiveObjects: 0.314500 ms CreateObjectMapping: 0.181500 ms MarkObjects: 2.345900 ms  DeleteObjects: 1.059900 ms)

========================================================================
Received Import Request.
  Time since last request: 581.395089 seconds.
  path: Assets/Samples/Cinemachine/2.6.5/Cinemachine Example Scenes/Scenes/FollowCam Simple Follow.unity
  artifactKey: Guid(46f2f298fff4d4deb99a6e5ff6c597cf) Importer(815301076,1909f56bfc062723c751e8b465ee728b)
Start importing Assets/Samples/Cinemachine/2.6.5/Cinemachine Example Scenes/Scenes/FollowCam Simple Follow.unity using Guid(46f2f298fff4d4deb99a6e5ff6c597cf) Importer(815301076,1909f56bfc062723c751e8b465ee728b)  -> (artifact id: '05decefac6229fec9909c7aadb17be8f') in 0.008345 seconds
  Import took 0.013631 seconds .

========================================================================
Received Import Request.
  Time since last request: 0.001208 seconds.
  path: Assets/Samples/Cinemachine/2.6.5/Cinemachine Example Scenes/Scenes/FollowCam Simple Follow.unity
  artifactKey: Guid(46f2f298fff4d4deb99a6e5ff6c597cf) Importer(815301076,1909f56bfc062723c751e8b465ee728b)
Start importing Assets/Samples/Cinemachine/2.6.5/Cinemachine Example Scenes/Scenes/FollowCam Simple Follow.unity using Guid(46f2f298fff4d4deb99a6e5ff6c597cf) Importer(815301076,1909f56bfc062723c751e8b465ee728b)  -> (artifact id: '05decefac6229fec9909c7aadb17be8f') in 0.003557 seconds
  Import took 0.009000 seconds .

========================================================================
Received Prepare
Registering precompiled user dll's ...
Registered in 0.001898 seconds.
Begin MonoManager ReloadAssembly
Native extension for WindowsStandalone target not found
Native extension for WebGL target not found
Refreshing native plugins compatible for Editor in 0.62 ms, found 1 plugins.
Preloading 0 native plugins for Editor in 0.00 ms.
Warning: Annotation not found!
UnityEngine.StackTraceUtility:ExtractStackTrace ()
UnityEditor.ProBuilder.EditorUtility:SetGizmoIconEnabled (System.Type,bool) (at Library/PackageCache/com.unity.probuilder@4.4.0/Editor/EditorCore/EditorUtility.cs:593)
UnityEditor.ProBuilder.HierarchyListener:.cctor () (at Library/PackageCache/com.unity.probuilder@4.4.0/Editor/EditorCore/HierarchyListener.cs:21)
System.Runtime.CompilerServices.RuntimeHelpers:RunClassConstructor (System.RuntimeTypeHandle)
UnityEditor.EditorAssemblies:ProcessInitializeOnLoadAttributes (System.Type[])

[Library/PackageCache/com.unity.probuilder@4.4.0/Editor/EditorCore/EditorUtility.cs line 593]

Invoked RoslynAnalysisRunner static constructor.
RoslynAnalysisRunner will not be running.
RoslynAnalysisRunner has terminated.
Mono: successfully reloaded assembly
- Completed reload, in  0.882 seconds
Platform modules already initialized, skipping
Shader 'Universal Render Pipeline/Particles/Lit': fallback shader 'Universal Render Pipeline/Particles/SimpleLit' not found
Shader 'Universal Render Pipeline/Particles/Lit': fallback shader 'Universal Render Pipeline/Particles/SimpleLit' not found
Refreshing native plugins compatible for Editor in 0.56 ms, found 1 plugins.
Preloading 0 native plugins for Editor in 0.00 ms.
Unloading 3305 Unused Serialized files (Serialized files now loaded: 0)
System memory in use before: 162.3 MB.
System memory in use after: 160.4 MB.

Unloading 43 unused Assets to reduce memory usage. Loaded Objects now: 3894.
Total: 3.628800 ms (FindLiveObjects: 0.279100 ms CreateObjectMapping: 0.154300 ms MarkObjects: 2.104900 ms  DeleteObjects: 1.089200 ms)

========================================================================
Received Prepare
Registering precompiled user dll's ...
Registered in 0.001936 seconds.
Begin MonoManager ReloadAssembly
Native extension for WindowsStandalone target not found
Native extension for WebGL target not found
Refreshing native plugins compatible for Editor in 0.66 ms, found 1 plugins.
Preloading 0 native plugins for Editor in 0.00 ms.
Warning: Annotation not found!
UnityEngine.StackTraceUtility:ExtractStackTrace ()
UnityEditor.ProBuilder.EditorUtility:SetGizmoIconEnabled (System.Type,bool) (at Library/PackageCache/com.unity.probuilder@4.4.0/Editor/EditorCore/EditorUtility.cs:593)
UnityEditor.ProBuilder.HierarchyListener:.cctor () (at Library/PackageCache/com.unity.probuilder@4.4.0/Editor/EditorCore/HierarchyListener.cs:21)
System.Runtime.CompilerServices.RuntimeHelpers:RunClassConstructor (System.RuntimeTypeHandle)
UnityEditor.EditorAssemblies:ProcessInitializeOnLoadAttributes (System.Type[])

[Library/PackageCache/com.unity.probuilder@4.4.0/Editor/EditorCore/EditorUtility.cs line 593]

Invoked RoslynAnalysisRunner static constructor.
RoslynAnalysisRunner will not be running.
RoslynAnalysisRunner has terminated.
Mono: successfully reloaded assembly
- Completed reload, in  0.898 seconds
Platform modules already initialized, skipping
Shader 'Universal Render Pipeline/Particles/Lit': fallback shader 'Universal Render Pipeline/Particles/SimpleLit' not found
Shader 'Universal Render Pipeline/Particles/Lit': fallback shader 'Universal Render Pipeline/Particles/SimpleLit' not found
Refreshing native plugins compatible for Editor in 0.54 ms, found 1 plugins.
Preloading 0 native plugins for Editor in 0.00 ms.
Unloading 3305 Unused Serialized files (Serialized files now loaded: 0)
System memory in use before: 162.3 MB.
System memory in use after: 160.4 MB.

Unloading 43 unused Assets to reduce memory usage. Loaded Objects now: 3897.
Total: 4.095100 ms (FindLiveObjects: 0.306600 ms CreateObjectMapping: 0.177100 ms MarkObjects: 2.407700 ms  DeleteObjects: 1.202600 ms)

========================================================================
Received Import Request.
  Time since last request: 152.198764 seconds.
  path: Assets/Samples/Cinemachine/2.6.5/Cinemachine Example Scenes/Shared/Scripts/PlayerMove.cs
  artifactKey: Guid(fa14cc4c274b78b4c820064214bdbb60) Importer(815301076,1909f56bfc062723c751e8b465ee728b)
Start importing Assets/Samples/Cinemachine/2.6.5/Cinemachine Example Scenes/Shared/Scripts/PlayerMove.cs using Guid(fa14cc4c274b78b4c820064214bdbb60) Importer(815301076,1909f56bfc062723c751e8b465ee728b)  -> (artifact id: '6b1dfa19f9096dee7252dd13783b1f5b') in 0.043224 seconds
  Import took 0.048650 seconds .

========================================================================
Received Import Request.
  Time since last request: 1.161640 seconds.
  path: Assets/Samples/Cinemachine/2.6.5/Cinemachine Example Scenes/Shared/Scripts/PlayerMoveOnSphere.cs
  artifactKey: Guid(85b757e40164bd3408008c7df6b949d5) Importer(815301076,1909f56bfc062723c751e8b465ee728b)
Start importing Assets/Samples/Cinemachine/2.6.5/Cinemachine Example Scenes/Shared/Scripts/PlayerMoveOnSphere.cs using Guid(85b757e40164bd3408008c7df6b949d5) Importer(815301076,1909f56bfc062723c751e8b465ee728b)  -> (artifact id: '3a351712a7225d23b245d908d7db3c00') in 0.003185 seconds
  Import took 0.008767 seconds .

========================================================================
Received Import Request.
  Time since last request: 13.135713 seconds.
  path: Assets/Samples/Cinemachine/2.6.5/Cinemachine Example Scenes/Scenes/SphericalSurfaceFollow.unity
  artifactKey: Guid(d4c0f5dac4060a24296c25fb3e59149a) Importer(815301076,1909f56bfc062723c751e8b465ee728b)
Start importing Assets/Samples/Cinemachine/2.6.5/Cinemachine Example Scenes/Scenes/SphericalSurfaceFollow.unity using Guid(d4c0f5dac4060a24296c25fb3e59149a) Importer(815301076,1909f56bfc062723c751e8b465ee728b)  -> (artifact id: '97b3501e12f57b6515349dd07ee50d89') in 0.004277 seconds
  Import took 0.009929 seconds .

========================================================================
Received Import Request.
  Time since last request: 0.001366 seconds.
  path: Assets/Samples/Cinemachine/2.6.5/Cinemachine Example Scenes/Scenes/SphericalSurfaceFollow.unity
  artifactKey: Guid(d4c0f5dac4060a24296c25fb3e59149a) Importer(815301076,1909f56bfc062723c751e8b465ee728b)
Start importing Assets/Samples/Cinemachine/2.6.5/Cinemachine Example Scenes/Scenes/SphericalSurfaceFollow.unity using Guid(d4c0f5dac4060a24296c25fb3e59149a) Importer(815301076,1909f56bfc062723c751e8b465ee728b)  -> (artifact id: '97b3501e12f57b6515349dd07ee50d89') in 0.002933 seconds
  Import took 0.007880 seconds .

========================================================================
Received Import Request.
  Time since last request: 25.105689 seconds.
  path: Assets/Samples/Cinemachine/2.6.5/Cinemachine Example Scenes/Scenes/DualTarget
  artifactKey: Guid(954abef5649bc9f408ec38444c3f4f20) Importer(815301076,1909f56bfc062723c751e8b465ee728b)
Start importing Assets/Samples/Cinemachine/2.6.5/Cinemachine Example Scenes/Scenes/DualTarget using Guid(954abef5649bc9f408ec38444c3f4f20) Importer(815301076,1909f56bfc062723c751e8b465ee728b)  -> (artifact id: '72a21b7f071b80d1fbda3f206e31eeb2') in 0.004751 seconds
  Import took 0.009639 seconds .

========================================================================
Received Prepare
Registering precompiled user dll's ...
Registered in 0.001908 seconds.
Begin MonoManager ReloadAssembly
Native extension for WindowsStandalone target not found
Native extension for WebGL target not found
Refreshing native plugins compatible for Editor in 0.53 ms, found 1 plugins.
Preloading 0 native plugins for Editor in 0.00 ms.
Warning: Annotation not found!
UnityEngine.StackTraceUtility:ExtractStackTrace ()
UnityEditor.ProBuilder.EditorUtility:SetGizmoIconEnabled (System.Type,bool) (at Library/PackageCache/com.unity.probuilder@4.4.0/Editor/EditorCore/EditorUtility.cs:593)
UnityEditor.ProBuilder.HierarchyListener:.cctor () (at Library/PackageCache/com.unity.probuilder@4.4.0/Editor/EditorCore/HierarchyListener.cs:21)
System.Runtime.CompilerServices.RuntimeHelpers:RunClassConstructor (System.RuntimeTypeHandle)
UnityEditor.EditorAssemblies:ProcessInitializeOnLoadAttributes (System.Type[])

[Library/PackageCache/com.unity.probuilder@4.4.0/Editor/EditorCore/EditorUtility.cs line 593]

Invoked RoslynAnalysisRunner static constructor.
RoslynAnalysisRunner will not be running.
RoslynAnalysisRunner has terminated.
Mono: successfully reloaded assembly
- Completed reload, in  0.867 seconds
Platform modules already initialized, skipping
Shader 'Universal Render Pipeline/Particles/Lit': fallback shader 'Universal Render Pipeline/Particles/SimpleLit' not found
Shader 'Universal Render Pipeline/Particles/Lit': fallback shader 'Universal Render Pipeline/Particles/SimpleLit' not found
Refreshing native plugins compatible for Editor in 0.72 ms, found 1 plugins.
Preloading 0 native plugins for Editor in 0.00 ms.
Unloading 3305 Unused Serialized files (Serialized files now loaded: 0)
System memory in use before: 162.3 MB.
System memory in use after: 160.4 MB.

Unloading 43 unused Assets to reduce memory usage. Loaded Objects now: 3900.
Total: 4.636200 ms (FindLiveObjects: 0.531100 ms CreateObjectMapping: 0.299800 ms MarkObjects: 2.679800 ms  DeleteObjects: 1.123800 ms)

AssetImportWorkerClient::OnTransportError - code=2 error=End of file
